<?xml version="1.0" encoding="UTF-8"?>
<testng-results skipped="0" failed="0" ignored="0" total="1" passed="1">
  <reporter-output>
  </reporter-output>
  <suite name="OneWayFlight" duration-ms="222191" started-at="2020-01-06T20:07:38Z" finished-at="2020-01-06T20:11:20Z">
    <groups>
    </groups>
    <test name="LowestPriceFlight" duration-ms="222191" started-at="2020-01-06T20:07:38Z" finished-at="2020-01-06T20:11:20Z">
      <class name="oneWaySearch.Emirates.LowestPriceFlightNumber">
        <test-method status="PASS" signature="tearUp()[pri:0, instance:oneWaySearch.Emirates.LowestPriceFlightNumber@523884b2]" name="tearUp" is-config="true" duration-ms="11535" started-at="2020-01-06T20:07:38Z" finished-at="2020-01-06T20:07:50Z">
          <reporter-output>
          </reporter-output>
        </test-method> <!-- tearUp -->
        <test-method status="PASS" signature="oneWayFlightSearch()[pri:0, instance:oneWaySearch.Emirates.LowestPriceFlightNumber@523884b2]" name="oneWayFlightSearch" duration-ms="206546" started-at="2020-01-06T20:07:50Z" finished-at="2020-01-06T20:11:16Z">
          <reporter-output>
          </reporter-output>
        </test-method> <!-- oneWayFlightSearch -->
        <test-method status="PASS" signature="tearDown()[pri:0, instance:oneWaySearch.Emirates.LowestPriceFlightNumber@523884b2]" name="tearDown" is-config="true" duration-ms="4106" started-at="2020-01-06T20:11:16Z" finished-at="2020-01-06T20:11:20Z">
          <reporter-output>
          </reporter-output>
        </test-method> <!-- tearDown -->
      </class> <!-- oneWaySearch.Emirates.LowestPriceFlightNumber -->
    </test> <!-- LowestPriceFlight -->
  </suite> <!-- OneWayFlight -->
</testng-results>
